Shopkeeper/build/outputs/logs/manifest-merger-debug-report.txt
-- Merging decision tree log ---
manifest
ADDED from Shopkeeper\AndroidManifest.xml:2:1-73:12
	package
		ADDED from Shopkeeper\AndroidManifest.xml:3:5-36
	android:versionName
		ADDED from Shopkeeper\AndroidManifest.xml:5:5-30
		INJECTED from Shopkeeper\AndroidManifest.xml
		INJECTED from Shopkeeper\AndroidManifest.xml
	android:versionCode
		ADDED from Shopkeeper\AndroidManifest.xml:4:5-28
		INJECTED from Shopkeeper\AndroidManifest.xml
		INJECTED from Shopkeeper\AndroidManifest.xml
	xmlns:android
		ADDED from Shopkeeper\AndroidManifest.xml:2:11-69
uses-sdk
ADDED from Shopkeeper\AndroidManifest.xml:7:5-9:41
	android:targetSdkVersion
		ADDED from Shopkeeper\AndroidManifest.xml:9:9-38
	android:minSdkVersion
		ADDED from Shopkeeper\AndroidManifest.xml:8:9-35
uses-permission#android.permission.INTERNET
ADDED from Shopkeeper\AndroidManifest.xml:11:5-83
	android:name
		ADDED from Shopkeeper\AndroidManifest.xml:11:22-64
uses-permission#android.permission.ACCESS_NETWORK_STATE
ADDED from Shopkeeper\AndroidManifest.xml:12:5-79
	android:name
		ADDED from Shopkeeper\AndroidManifest.xml:12:22-76
uses-permission#android.permission.ACCESS_WIFI_STATE
ADDED from Shopkeeper\AndroidManifest.xml:13:5-76
	android:name
		ADDED from Shopkeeper\AndroidManifest.xml:13:22-73
uses-permission#android.permission.BLUETOOTH_ADMIN
ADDED from Shopkeeper\AndroidManifest.xml:14:5-74
	android:name
		ADDED from Shopkeeper\AndroidManifest.xml:14:22-71
uses-permission#android.permission.BLUETOOTH
ADDED from Shopkeeper\AndroidManifest.xml:15:5-68
	android:name
		ADDED from Shopkeeper\AndroidManifest.xml:15:22-65
uses-permission#android.permission.WRITE_EXTERNAL_STORAGE
ADDED from Shopkeeper\AndroidManifest.xml:16:5-81
	android:name
		ADDED from Shopkeeper\AndroidManifest.xml:16:22-78
uses-permission#android.permission.READ_PHONE_STATE
ADDED from Shopkeeper\AndroidManifest.xml:18:5-75
	android:name
		ADDED from Shopkeeper\AndroidManifest.xml:18:22-72
uses-permission#android.permission.READ_EXTERNAL_STORAGE
ADDED from Shopkeeper\AndroidManifest.xml:19:5-80
	android:name
		ADDED from Shopkeeper\AndroidManifest.xml:19:22-77
application
ADDED from Shopkeeper\AndroidManifest.xml:21:5-71:19
	android:label
		ADDED from Shopkeeper\AndroidManifest.xml:24:9-41
	android:allowBackup
		ADDED from Shopkeeper\AndroidManifest.xml:22:9-35
	android:icon
		ADDED from Shopkeeper\AndroidManifest.xml:23:9-45
	android:theme
		ADDED from Shopkeeper\AndroidManifest.xml:25:9-62
service#com.qiaoxi.shopkeeper.SocketService
ADDED from Shopkeeper\AndroidManifest.xml:26:9-33:19
	android:enabled
		ADDED from Shopkeeper\AndroidManifest.xml:28:13-35
	android:exported
		ADDED from Shopkeeper\AndroidManifest.xml:29:13-36
	android:name
		ADDED from Shopkeeper\AndroidManifest.xml:27:13-42
intent-filter#cn.saltyx.shiyan.socketservice.SOCKET
ADDED from Shopkeeper\AndroidManifest.xml:30:13-32:29
action#cn.saltyx.shiyan.socketservice.SOCKET
ADDED from Shopkeeper\AndroidManifest.xml:31:17-87
	android:name
		ADDED from Shopkeeper\AndroidManifest.xml:31:25-77
service#com.qiaoxi.shopkeeper.InitDBService
ADDED from Shopkeeper\AndroidManifest.xml:34:9-41:19
	android:enabled
		ADDED from Shopkeeper\AndroidManifest.xml:36:13-35
	android:exported
		ADDED from Shopkeeper\AndroidManifest.xml:37:13-36
	android:name
		ADDED from Shopkeeper\AndroidManifest.xml:35:13-42
intent-filter#cn.saltyx.shiyan.initdbservice.INITDBSERVICE
ADDED from Shopkeeper\AndroidManifest.xml:38:13-40:29
action#cn.saltyx.shiyan.initdbservice.INITDBSERVICE
ADDED from Shopkeeper\AndroidManifest.xml:39:17-94
	android:name
		ADDED from Shopkeeper\AndroidManifest.xml:39:25-84
activity#com.qiaoxi.shopkeeper.MainActivity
ADDED from Shopkeeper\AndroidManifest.xml:43:9-46:62
	android:screenOrientation
		ADDED from Shopkeeper\AndroidManifest.xml:46:13-50
	android:label
		ADDED from Shopkeeper\AndroidManifest.xml:45:13-45
	android:name
		ADDED from Shopkeeper\AndroidManifest.xml:44:13-41
activity#com.qiaoxi.shopkeeper.LoginActivity
ADDED from Shopkeeper\AndroidManifest.xml:47:9-56:20
	android:screenOrientation
		ADDED from Shopkeeper\AndroidManifest.xml:50:13-50
	android:label
		ADDED from Shopkeeper\AndroidManifest.xml:49:13-45
	android:name
		ADDED from Shopkeeper\AndroidManifest.xml:48:13-42
intent-filter#android.intent.action.MAIN+android.intent.category.LAUNCHER
ADDED from Shopkeeper\AndroidManifest.xml:51:13-55:29
action#android.intent.action.MAIN
ADDED from Shopkeeper\AndroidManifest.xml:52:17-69
	android:name
		ADDED from Shopkeeper\AndroidManifest.xml:52:25-66
category#android.intent.category.LAUNCHER
ADDED from Shopkeeper\AndroidManifest.xml:54:17-77
	android:name
		ADDED from Shopkeeper\AndroidManifest.xml:54:27-74
activity#com.qiaoxi.shopkeeper.DeviceListActivity
ADDED from Shopkeeper\AndroidManifest.xml:57:9-61:65
	android:screenOrientation
		ADDED from Shopkeeper\AndroidManifest.xml:60:13-49
	android:label
		ADDED from Shopkeeper\AndroidManifest.xml:59:13-45
	android:theme
		ADDED from Shopkeeper\AndroidManifest.xml:61:13-53
	android:name
		ADDED from Shopkeeper\AndroidManifest.xml:58:13-47
service#com.qiaoxi.shopkeeper.PrintService
ADDED from Shopkeeper\AndroidManifest.xml:63:9-70:19
	android:enabled
		ADDED from Shopkeeper\AndroidManifest.xml:65:13-35
	android:exported
		ADDED from Shopkeeper\AndroidManifest.xml:66:13-36
	android:name
		ADDED from Shopkeeper\AndroidManifest.xml:64:13-41
intent-filter#cn.saltyx.shiyan.printdemo.PRINT_SERVER
ADDED from Shopkeeper\AndroidManifest.xml:67:13-69:29
action#cn.saltyx.shiyan.printdemo.PRINT_SERVER
ADDED from Shopkeeper\AndroidManifest.xml:68:17-89
	android:name
		ADDED from Shopkeeper\AndroidManifest.xml:68:25-79